{
  "RSpec": {
    "coverage": {
      "/Users/megantalbot/turing/4module/final-assessment/final-url-lockbox/app/models/link.rb": [
        1,
        1,
        1,
        1,
        1,
        null,
        1,
        null,
        null,
        null,
        null,
        16,
        null,
        null
      ],
      "/Users/megantalbot/turing/4module/final-assessment/final-url-lockbox/app/models/application_record.rb": [
        1,
        1,
        null
      ],
      "/Users/megantalbot/turing/4module/final-assessment/final-url-lockbox/app/models/user.rb": [
        1,
        1,
        null,
        1,
        1,
        1,
        null,
        1,
        null,
        null
      ],
      "/Users/megantalbot/turing/4module/final-assessment/final-url-lockbox/app/controllers/application_controller.rb": [
        1,
        null,
        null,
        1,
        null,
        1,
        null,
        1,
        26,
        null,
        null,
        null
      ],
      "/Users/megantalbot/turing/4module/final-assessment/final-url-lockbox/app/controllers/links_controller.rb": [
        1,
        null,
        1,
        null,
        1,
        16,
        16,
        null,
        null,
        1,
        1,
        null,
        null,
        1,
        1,
        1,
        1,
        1,
        1,
        null,
        0,
        0,
        null,
        null,
        null,
        1,
        null,
        null,
        null,
        1,
        19,
        null,
        null,
        1,
        null,
        1,
        1,
        null,
        null,
        null
      ],
      "/Users/megantalbot/turing/4module/final-assessment/final-url-lockbox/app/controllers/users_controller.rb": [
        1,
        1,
        11,
        null,
        null,
        1,
        6,
        6,
        1,
        1,
        1,
        null,
        5,
        5,
        null,
        null,
        null,
        1,
        6,
        null,
        null
      ],
      "/Users/megantalbot/turing/4module/final-assessment/final-url-lockbox/app/controllers/sessions_controller.rb": [
        1,
        1,
        null,
        null,
        1,
        3,
        3,
        1,
        1,
        1,
        null,
        2,
        2,
        null,
        null,
        null,
        1,
        1,
        1,
        1,
        null,
        null,
        null
      ]
    },
    "timestamp": 1488254785
  }
}
